c:\users\tiafo\desktop\lesi\a3_s2\eda\projeto_eda\projeto_eda\x64\debug\vc143.pdb
c:\users\tiafo\desktop\lesi\a3_s2\eda\projeto_eda\projeto_eda\x64\debug\vc143.idb
c:\users\tiafo\desktop\lesi\a3_s2\eda\projeto_eda\projeto_eda\x64\debug\projeto_eda.obj
c:\users\tiafo\desktop\lesi\a3_s2\eda\projeto_eda\projeto_eda\x64\debug\listaantenas.obj
c:\users\tiafo\desktop\lesi\a3_s2\eda\projeto_eda\projeto_eda\x64\debug\antena.obj
c:\users\tiafo\desktop\lesi\a3_s2\eda\projeto_eda\projeto_eda\x64\debug\inpututilizador.obj
c:\users\tiafo\desktop\lesi\a3_s2\eda\projeto_eda\x64\debug\projeto_eda.exe
c:\users\tiafo\desktop\lesi\a3_s2\eda\projeto_eda\x64\debug\projeto_eda.pdb
c:\users\tiafo\desktop\lesi\a3_s2\eda\projeto_eda\projeto_eda\x64\debug\projeto_eda.ilk
c:\users\tiafo\desktop\lesi\a3_s2\eda\projeto_eda\projeto_eda\x64\debug\input.obj
c:\users\tiafo\desktop\lesi\a3_s2\eda\projeto_eda\projeto_eda\x64\debug\projeto_eda.tlog\cl.command.1.tlog
c:\users\tiafo\desktop\lesi\a3_s2\eda\projeto_eda\projeto_eda\x64\debug\projeto_eda.tlog\cl.items.tlog
c:\users\tiafo\desktop\lesi\a3_s2\eda\projeto_eda\projeto_eda\x64\debug\projeto_eda.tlog\cl.read.1.tlog
c:\users\tiafo\desktop\lesi\a3_s2\eda\projeto_eda\projeto_eda\x64\debug\projeto_eda.tlog\cl.write.1.tlog
c:\users\tiafo\desktop\lesi\a3_s2\eda\projeto_eda\projeto_eda\x64\debug\projeto_eda.tlog\link-cvtres.read.1.tlog
c:\users\tiafo\desktop\lesi\a3_s2\eda\projeto_eda\projeto_eda\x64\debug\projeto_eda.tlog\link-cvtres.write.1.tlog
c:\users\tiafo\desktop\lesi\a3_s2\eda\projeto_eda\projeto_eda\x64\debug\projeto_eda.tlog\link-rc.read.1.tlog
c:\users\tiafo\desktop\lesi\a3_s2\eda\projeto_eda\projeto_eda\x64\debug\projeto_eda.tlog\link-rc.write.1.tlog
c:\users\tiafo\desktop\lesi\a3_s2\eda\projeto_eda\projeto_eda\x64\debug\projeto_eda.tlog\link.22636-cvtres.read.1.tlog
c:\users\tiafo\desktop\lesi\a3_s2\eda\projeto_eda\projeto_eda\x64\debug\projeto_eda.tlog\link.22636-cvtres.write.1.tlog
c:\users\tiafo\desktop\lesi\a3_s2\eda\projeto_eda\projeto_eda\x64\debug\projeto_eda.tlog\link.22636-rc.read.1.tlog
c:\users\tiafo\desktop\lesi\a3_s2\eda\projeto_eda\projeto_eda\x64\debug\projeto_eda.tlog\link.22636-rc.write.1.tlog
c:\users\tiafo\desktop\lesi\a3_s2\eda\projeto_eda\projeto_eda\x64\debug\projeto_eda.tlog\link.22636.read.1.tlog
c:\users\tiafo\desktop\lesi\a3_s2\eda\projeto_eda\projeto_eda\x64\debug\projeto_eda.tlog\link.22636.read.2.tlog
c:\users\tiafo\desktop\lesi\a3_s2\eda\projeto_eda\projeto_eda\x64\debug\projeto_eda.tlog\link.22636.write.1.tlog
c:\users\tiafo\desktop\lesi\a3_s2\eda\projeto_eda\projeto_eda\x64\debug\projeto_eda.tlog\link.command.1.tlog
c:\users\tiafo\desktop\lesi\a3_s2\eda\projeto_eda\projeto_eda\x64\debug\projeto_eda.tlog\link.read.1.tlog
c:\users\tiafo\desktop\lesi\a3_s2\eda\projeto_eda\projeto_eda\x64\debug\projeto_eda.tlog\link.read.2.tlog
c:\users\tiafo\desktop\lesi\a3_s2\eda\projeto_eda\projeto_eda\x64\debug\projeto_eda.tlog\link.secondary.1.tlog
c:\users\tiafo\desktop\lesi\a3_s2\eda\projeto_eda\projeto_eda\x64\debug\projeto_eda.tlog\link.write.1.tlog
